<?xml version="1.0" encoding="UTF-8"?>
<!-- Generated by org.testng.reporters.JUnitXMLReporter -->
<testsuite ignored="0" hostname="rdiaz-XPS-15-9550" failures="0" tests="3" name="Test" time="13.589" errors="0" timestamp="23 Jun 2022 23:16:30 GMT">
  <testcase classname="com.rdiaz.training.testng.CalcTest" name="addTest" time="0.004"/>
  <testcase classname="com.rdiaz.training.testng.CalcTest" name="subtractTest" time="0.0"/>
  <testcase classname="com.rdiaz.training.testng.SampleSeleniumTest" name="validateGoogleId" time="7.472"/>
</testsuite> <!-- Test -->
