<?xml version="1.0" encoding="UTF-8"?>
<testng-results ignored="0" total="3" passed="3" failed="0" skipped="0">
  <reporter-output>
  </reporter-output>
  <suite started-at="2022-06-23T23:16:16Z" name="Suite" finished-at="2022-06-23T23:16:30Z" duration-ms="13589">
    <groups>
    </groups>
    <test started-at="2022-06-23T23:16:16Z" name="Test" finished-at="2022-06-23T23:16:30Z" duration-ms="13589">
      <class name="com.rdiaz.training.testng.CalcTest">
        <test-method signature="addTest()[pri:0, instance:com.rdiaz.training.testng.CalcTest@76f2b07d]" started-at="2022-06-23T23:16:16Z" name="addTest" finished-at="2022-06-23T23:16:16Z" duration-ms="4" status="PASS">
          <reporter-output>
          </reporter-output>
        </test-method> <!-- addTest -->
        <test-method signature="subtractTest()[pri:0, instance:com.rdiaz.training.testng.CalcTest@76f2b07d]" started-at="2022-06-23T23:16:16Z" name="subtractTest" finished-at="2022-06-23T23:16:16Z" duration-ms="0" status="PASS">
          <reporter-output>
          </reporter-output>
        </test-method> <!-- subtractTest -->
      </class> <!-- com.rdiaz.training.testng.CalcTest -->
      <class name="com.rdiaz.training.testng.SampleSeleniumTest">
        <test-method is-config="true" signature="startBrowser()[pri:0, instance:com.rdiaz.training.testng.SampleSeleniumTest@704a52ec]" started-at="2022-06-23T23:16:16Z" name="startBrowser" finished-at="2022-06-23T23:16:22Z" duration-ms="6029" status="PASS">
          <reporter-output>
          </reporter-output>
        </test-method> <!-- startBrowser -->
        <test-method signature="validateGoogleId()[pri:0, instance:com.rdiaz.training.testng.SampleSeleniumTest@704a52ec]" started-at="2022-06-23T23:16:22Z" name="validateGoogleId" finished-at="2022-06-23T23:16:30Z" duration-ms="7472" status="PASS">
          <reporter-output>
          </reporter-output>
        </test-method> <!-- validateGoogleId -->
        <test-method is-config="true" signature="closeBrowser()[pri:0, instance:com.rdiaz.training.testng.SampleSeleniumTest@704a52ec]" started-at="2022-06-23T23:16:30Z" name="closeBrowser" finished-at="2022-06-23T23:16:30Z" duration-ms="68" status="PASS">
          <reporter-output>
          </reporter-output>
        </test-method> <!-- closeBrowser -->
      </class> <!-- com.rdiaz.training.testng.SampleSeleniumTest -->
    </test> <!-- Test -->
  </suite> <!-- Suite -->
</testng-results>
